<?xml version="1.0" encoding="UTF-8"?>
<testsuite xmlns:xsi="http://www.w3.org/2001/XMLSchema-instance" xsi:noNamespaceSchemaLocation="https://maven.apache.org/surefire/maven-surefire-plugin/xsd/surefire-test-report.xsd" version="3.0.2" name="com.example.countries.CountriesApplicationTests" time="0.92" tests="1" errors="0" skipped="0" failures="0">
  <properties>
[...]
</properties>
  <testcase name="contextLoads" classname="com.example.countries.CountriesApplicationTests" time="0.321">
    <system-out><![CDATA[14:03:55.932 [main] INFO org.springframework.test.context.support.AnnotationConfigContextLoaderUtils -- Could not detect default configuration classes for test class [com.example.countries.CountriesApplicationTests]: CountriesApplicationTests does not declare any static, non-private, non-final, nested classes annotated with @Configuration.
14:03:55.969 [main] INFO org.springframework.boot.test.context.SpringBootTestContextBootstrapper -- Found @SpringBootConfiguration com.example.countries.CountriesApplication for test class com.example.countries.CountriesApplicationTests
14:03:56.026 [main] INFO org.springframework.boot.devtools.restart.RestartApplicationListener -- Restart disabled due to context in which it is running

  .   ____          _            __ _ _
 /\\ / ___'_ __ _ _(_)_ __  __ _ \ \ \ \
( ( )\___ | '_ | '_| | '_ \/ _` | \ \ \ \
 \\/  ___)| |_)| | | | | || (_| |  ) ) ) )
  '  |____| .__|_| |_|_| |_\__, | / / / /
 =========|_|==============|___/=/_/_/_/

 :: Spring Boot ::                (v4.0.3)

2026-03-10T14:03:56.116+01:00  INFO 71218 --- [countries] [           main] c.e.countries.CountriesApplicationTests  : Starting CountriesApplicationTests using Java 21.0.10 with PID 71218 (started by cassandramichaelsen in /Users/cassandramichaelsen/IdeaProjects/countries/countries)
2026-03-10T14:03:56.117+01:00  INFO 71218 --- [countries] [           main] c.e.countries.CountriesApplicationTests  : No active profile set, falling back to 1 default profile: "default"
2026-03-10T14:03:56.423+01:00  WARN 71218 --- [countries] [           main] ion$DefaultTemplateResolverConfiguration : Cannot find template location: classpath:/templates/ (please add some templates, check your Thymeleaf configuration, or set spring.thymeleaf.check-template-location=false)
2026-03-10T14:03:56.461+01:00  INFO 71218 --- [countries] [           main] c.e.countries.CountriesApplicationTests  : Started CountriesApplicationTests in 0.439 seconds (process running for 0.835)
]]></system-out>
    <system-err><![CDATA[Mockito is currently self-attaching to enable the inline-mock-maker. This will no longer work in future releases of the JDK. Please add Mockito as an agent to your build as described in Mockito's documentation: https://javadoc.io/doc/org.mockito/mockito-core/latest/org.mockito/org/mockito/Mockito.html#0.3
WARNING: A Java agent has been loaded dynamically (/Users/cassandramichaelsen/.m2/repository/net/bytebuddy/byte-buddy-agent/1.17.8/byte-buddy-agent-1.17.8.jar)
WARNING: If a serviceability tool is in use, please run with -XX:+EnableDynamicAgentLoading to hide this warning
WARNING: If a serviceability tool is not in use, please run with -Djdk.instrument.traceUsage for more information
WARNING: Dynamic loading of agents will be disallowed by default in a future release
]]></system-err>
  </testcase>
</testsuite>